d:\university\oop_2024-2025\project - city_simulation\debug\vc142.pdb
d:\university\oop_2024-2025\project - city_simulation\debug\vc142.idb
d:\university\oop_2024-2025\project - city_simulation\debug\unemployed.obj
d:\university\oop_2024-2025\project - city_simulation\debug\teacher.obj
d:\university\oop_2024-2025\project - city_simulation\debug\simulationgenerator.obj
d:\university\oop_2024-2025\project - city_simulation\debug\programmer.obj
d:\university\oop_2024-2025\project - city_simulation\debug\panelbuilding.obj
d:\university\oop_2024-2025\project - city_simulation\debug\modernbuilding.obj
d:\university\oop_2024-2025\project - city_simulation\debug\miner.obj
d:\university\oop_2024-2025\project - city_simulation\debug\main.obj
d:\university\oop_2024-2025\project - city_simulation\debug\dormitory.obj
d:\university\oop_2024-2025\project - city_simulation\debug\date.obj
d:\university\oop_2024-2025\project - city_simulation\debug\city.obj
d:\university\oop_2024-2025\project - city_simulation\debug\citizen.obj
d:\university\oop_2024-2025\project - city_simulation\debug\building.obj
d:\university\oop_2024-2025\project - city_simulation\debug\project - city_simulation.ilk
d:\university\oop_2024-2025\project - city_simulation\debug\project - city_simulation.exe
d:\university\oop_2024-2025\project - city_simulation\debug\project - city_simulation.pdb
d:\university\oop_2024-2025\project - city_simulation\debug\project .c0b14c1f.tlog\cl.command.1.tlog
d:\university\oop_2024-2025\project - city_simulation\debug\project .c0b14c1f.tlog\cl.read.1.tlog
d:\university\oop_2024-2025\project - city_simulation\debug\project .c0b14c1f.tlog\cl.write.1.tlog
d:\university\oop_2024-2025\project - city_simulation\debug\project .c0b14c1f.tlog\link.command.1.tlog
d:\university\oop_2024-2025\project - city_simulation\debug\project .c0b14c1f.tlog\link.read.1.tlog
d:\university\oop_2024-2025\project - city_simulation\debug\project .c0b14c1f.tlog\link.write.1.tlog
