  Building.cpp
D:\University\OOP_2024-2025\Project - City_Simulation\Building.cpp(165,14): warning C4244: '*=': conversion from 'double' to 'unsigned int', possible loss of data
D:\University\OOP_2024-2025\Project - City_Simulation\Building.cpp(168,14): warning C4244: '*=': conversion from 'double' to 'unsigned int', possible loss of data
  Citizen.cpp
  City.cpp
  Date.cpp
  Dormitory.cpp
  main.cpp
  Miner.cpp
  ModernBuilding.cpp
  PanelBuilding.cpp
  Programmer.cpp
  SimulationGenerator.cpp
D:\University\OOP_2024-2025\Project - City_Simulation\SimulationGenerator.cpp(68,12): warning C4244: 'argument': conversion from 'time_t' to 'unsigned int', possible loss of data
  Teacher.cpp
  Unemployed.cpp
  Running Code Analysis for C/C++...
  Generating Code...
  Project - City_Simulation.vcxproj -> D:\University\OOP_2024-2025\Project - City_Simulation\Debug\Project - City_Simulation.exe
D:\University\OOP_2024-2025\Project - City_Simulation\Building.cpp(109): warning C26451: Arithmetic overflow: Using operator '*' on a 4 byte value and then casting the result to a 8 byte value. Cast the value to the wider type before calling operator '*' to avoid overflow (io.2).
D:\University\OOP_2024-2025\Project - City_Simulation\SimulationGenerator.cpp(208): warning C6011: Dereferencing NULL pointer 'city'. 
